<?xml version="1.0" encoding="UTF-8"?>
<!-- Generated by org.testng.reporters.JUnitReportReporter -->
<testsuite hostname="Ideas2IT" failures="0" tests="1" name="tests.selenium.TC001_CreateIncident2" time="74.505" errors="0" timestamp="2024-11-14T23:49:46 IST" skipped="0">
  <testcase classname="tests.selenium.TC001_CreateIncident2" name="createIncident" time="74.505"/>
  <system-out/>
</testsuite> <!-- tests.selenium.TC001_CreateIncident2 -->
