<?xml version="1.0" encoding="UTF-8"?>
<!-- Generated by org.testng.reporters.JUnitReportReporter -->
<testsuite hostname="Ideas2IT" failures="0" tests="1" name="tests.selenium.TC001_CreateIncident" time="46.390" errors="0" timestamp="2024-12-02T17:18:04 IST" skipped="0">
  <testcase classname="tests.selenium.TC001_CreateIncident" name="createIncident" time="46.390"/>
  <system-out/>
</testsuite> <!-- tests.selenium.TC001_CreateIncident -->
