<?xml version="1.0" encoding="UTF-8"?>
<!-- Generated by org.testng.reporters.JUnitReportReporter -->
<testsuite hostname="Ideas2IT" failures="0" tests="1" name="tests.rest.TC004_GetIncidents" time="4.978" errors="0" timestamp="2024-12-02T17:18:04 IST" skipped="0">
  <testcase classname="tests.rest.TC004_GetIncidents" name="getIncidents" time="4.978"/>
  <system-out/>
</testsuite> <!-- tests.rest.TC004_GetIncidents -->
