<?xml version="1.0" encoding="UTF-8"?>
<!-- Generated by org.testng.reporters.JUnitReportReporter -->
<testsuite hostname="Ideas2IT" failures="0" tests="1" name="tests.selenium.TC002_CreateIncidentAndGetFromRest" time="48.249" errors="0" timestamp="2024-12-02T17:18:04 IST" skipped="0">
  <testcase classname="tests.selenium.TC002_CreateIncidentAndGetFromRest" name="createIncident" time="48.249"/>
  <system-out/>
</testsuite> <!-- tests.selenium.TC002_CreateIncidentAndGetFromRest -->
